04:42:21.665 [main] DEBUG org.testng.TestNG - suiteXmlPath: "C:\Users\mamatha\eclipse-workspace\OpencartV122\grid-docker.xml"
04:42:21.698 [main] WARN  org.testng.xml.TestNGContentHandler - It is strongly recommended to add "<!DOCTYPE suite SYSTEM "https://testng.org/testng-1.0.dtd" >" at the top of the suite file [C:\Users\mamatha\eclipse-workspace\OpencartV122\grid-docker.xml] otherwise TestNG may fail or not work as expected.
04:42:21.971 [main] INFO  org.testng.internal.Utils - [TestNG] Running:
  C:\Users\mamatha\eclipse-workspace\OpencartV122\grid-docker.xml

04:42:56.222 [main] INFO  testCases.TC001_AccountRegistrationTest - ************starting TC001_AccountRegistrationTest ******
04:42:56.457 [main] INFO  testCases.TC001_AccountRegistrationTest - Clicked on my account
04:42:57.205 [main] INFO  testCases.TC001_AccountRegistrationTest - Clicked on register
04:42:57.209 [main] INFO  testCases.TC001_AccountRegistrationTest - Providing the customer details while registering
04:43:00.161 [main] INFO  testCases.TC001_AccountRegistrationTest - Validating expected message after registration
04:43:00.285 [main] INFO  testCases.TC001_AccountRegistrationTest - ******Finished all registration test*********
04:43:13.014 [main] INFO  testCases.TC002_LoginTest - *******Finished TC002_LoginTest***
04:59:54.570 [main] DEBUG org.testng.TestNG - suiteXmlPath: "C:\Users\mamatha\eclipse-workspace\OpencartV122\grid-docker.xml"
04:59:54.596 [main] WARN  org.testng.xml.TestNGContentHandler - It is strongly recommended to add "<!DOCTYPE suite SYSTEM "https://testng.org/testng-1.0.dtd" >" at the top of the suite file [C:\Users\mamatha\eclipse-workspace\OpencartV122\grid-docker.xml] otherwise TestNG may fail or not work as expected.
04:59:54.985 [main] INFO  org.testng.internal.Utils - [TestNG] Running:
  C:\Users\mamatha\eclipse-workspace\OpencartV122\grid-docker.xml

05:00:21.766 [main] INFO  testCases.TC001_AccountRegistrationTest - ************starting TC001_AccountRegistrationTest ******
05:00:22.961 [main] INFO  testCases.TC001_AccountRegistrationTest - Clicked on my account
05:00:25.334 [main] INFO  testCases.TC001_AccountRegistrationTest - Clicked on register
05:00:25.377 [main] INFO  testCases.TC001_AccountRegistrationTest - Providing the customer details while registering
05:00:35.343 [main] INFO  testCases.TC001_AccountRegistrationTest - Validating expected message after registration
05:00:35.937 [main] INFO  testCases.TC001_AccountRegistrationTest - ******Finished all registration test*********
05:01:07.133 [main] INFO  testCases.TC002_LoginTest - *******Finished TC002_LoginTest***
19:23:04.016 [main] DEBUG org.testng.TestNG - suiteXmlPath: "C:\Users\mamatha\eclipse-workspace\OpencartV122\master.xml"
19:24:37.514 [main] DEBUG org.testng.TestNG - suiteXmlPath: "C:\Users\mamatha\eclipse-workspace\OpencartV122\master.xml"
19:24:51.359 [main] INFO  testCases.TC001_AccountRegistrationTest - ******chrome browser*********
19:24:53.120 [main] INFO  testCases.TC001_AccountRegistrationTest - ************starting TC001_AccountRegistrationTest ******
19:24:53.275 [main] INFO  testCases.TC001_AccountRegistrationTest - Clicked on my account
19:24:53.724 [main] INFO  testCases.TC001_AccountRegistrationTest - Clicked on register
19:24:53.728 [main] INFO  testCases.TC001_AccountRegistrationTest - Providing the customer details while registering
19:24:55.351 [main] INFO  testCases.TC001_AccountRegistrationTest - Validating expected message after registration
19:24:55.398 [main] INFO  testCases.TC001_AccountRegistrationTest - ******Finished all registration test*********
19:24:56.649 [main] INFO  testCases.TC002_LoginTest - ******chrome browser*********
19:24:59.315 [main] INFO  testCases.TC002_LoginTest - *******Finished TC002_LoginTest***
19:59:31.017 [main] DEBUG org.testng.TestNG - suiteXmlPath: "C:\Users\mamatha\eclipse-workspace\OpencartV122\master.xml"
19:59:34.352 [main] INFO  testCases.TC001_AccountRegistrationTest - ******chrome browser*********
19:59:35.746 [main] INFO  testCases.TC001_AccountRegistrationTest - ************starting TC001_AccountRegistrationTest ******
19:59:35.871 [main] INFO  testCases.TC001_AccountRegistrationTest - Clicked on my account
19:59:36.516 [main] INFO  testCases.TC001_AccountRegistrationTest - Clicked on register
19:59:36.521 [main] INFO  testCases.TC001_AccountRegistrationTest - Providing the customer details while registering
19:59:39.183 [main] INFO  testCases.TC001_AccountRegistrationTest - Validating expected message after registration
19:59:39.223 [main] INFO  testCases.TC001_AccountRegistrationTest - ******Finished all registration test*********
19:59:40.555 [main] INFO  testCases.TC002_LoginTest - ******chrome browser*********
19:59:44.019 [main] INFO  testCases.TC002_LoginTest - *******Finished TC002_LoginTest***
20:05:27.439 [main] DEBUG org.testng.TestNG - suiteXmlPath: "C:\Users\mamatha\eclipse-workspace\OpencartV122\master.xml"
20:05:29.954 [main] INFO  testCases.TC001_AccountRegistrationTest - ******chrome browser*********
